 
****************************************
Report : cell
Design : MyDesign
Version: P-2019.03-SP1
Date   : Wed Nov 17 16:03:19 2021
****************************************

Attributes:
    b - black box (unknown)
    h - hierarchical
    n - noncombinational
    r - removable
    u - contains unmapped logic

Cell                      Reference       Library             Area  Attributes
--------------------------------------------------------------------------------
U119                      INV_X4          NangateOpenCellLibrary_PDKv1_2_v2008_10_slow_nldm
                                                            0.5320  
U120                      INV_X4          NangateOpenCellLibrary_PDKv1_2_v2008_10_slow_nldm
                                                            0.5320  
U121                      INV_X4          NangateOpenCellLibrary_PDKv1_2_v2008_10_slow_nldm
                                                            0.5320  
U122                      INV_X1          NangateOpenCellLibrary_PDKv1_2_v2008_10_slow_nldm
                                                            0.5320  
U123                      AOI21_X1        NangateOpenCellLibrary_PDKv1_2_v2008_10_slow_nldm
                                                            1.0640  
U124                      NOR2_X1         NangateOpenCellLibrary_PDKv1_2_v2008_10_slow_nldm
                                                            0.7980  
U125                      XNOR2_X1        NangateOpenCellLibrary_PDKv1_2_v2008_10_slow_nldm
                                                            1.5960  
U126                      XNOR2_X1        NangateOpenCellLibrary_PDKv1_2_v2008_10_slow_nldm
                                                            1.5960  
U127                      NAND2_X1        NangateOpenCellLibrary_PDKv1_2_v2008_10_slow_nldm
                                                            0.7980  
U128                      NAND2_X1        NangateOpenCellLibrary_PDKv1_2_v2008_10_slow_nldm
                                                            0.7980  
U129                      NAND2_X1        NangateOpenCellLibrary_PDKv1_2_v2008_10_slow_nldm
                                                            0.7980  
U130                      INV_X2          NangateOpenCellLibrary_PDKv1_2_v2008_10_slow_nldm
                                                            0.5320  
U131                      XNOR2_X1        NangateOpenCellLibrary_PDKv1_2_v2008_10_slow_nldm
                                                            1.5960  
U132                      NAND2_X1        NangateOpenCellLibrary_PDKv1_2_v2008_10_slow_nldm
                                                            0.7980  
U133                      NAND2_X1        NangateOpenCellLibrary_PDKv1_2_v2008_10_slow_nldm
                                                            0.7980  
U134                      OAI21_X1        NangateOpenCellLibrary_PDKv1_2_v2008_10_slow_nldm
                                                            1.0640  
U135                      NAND2_X2        NangateOpenCellLibrary_PDKv1_2_v2008_10_slow_nldm
                                                            0.7980  
U136                      NAND2_X2        NangateOpenCellLibrary_PDKv1_2_v2008_10_slow_nldm
                                                            0.7980  
U137                      NAND2_X2        NangateOpenCellLibrary_PDKv1_2_v2008_10_slow_nldm
                                                            0.7980  
U138                      NAND2_X2        NangateOpenCellLibrary_PDKv1_2_v2008_10_slow_nldm
                                                            0.7980  
U139                      OAI21_X2        NangateOpenCellLibrary_PDKv1_2_v2008_10_slow_nldm
                                                            1.0640  
U140                      INV_X1          NangateOpenCellLibrary_PDKv1_2_v2008_10_slow_nldm
                                                            0.5320  
U141                      INV_X4          NangateOpenCellLibrary_PDKv1_2_v2008_10_slow_nldm
                                                            0.5320  
U142                      NAND2_X2        NangateOpenCellLibrary_PDKv1_2_v2008_10_slow_nldm
                                                            0.7980  
U143                      XNOR2_X2        NangateOpenCellLibrary_PDKv1_2_v2008_10_slow_nldm
                                                            1.5960  
U144                      OR2_X1          NangateOpenCellLibrary_PDKv1_2_v2008_10_slow_nldm
                                                            1.0640  
U145                      OR2_X1          NangateOpenCellLibrary_PDKv1_2_v2008_10_slow_nldm
                                                            1.0640  
U146                      OAI21_X1        NangateOpenCellLibrary_PDKv1_2_v2008_10_slow_nldm
                                                            1.0640  
U147                      INV_X1          NangateOpenCellLibrary_PDKv1_2_v2008_10_slow_nldm
                                                            0.5320  
U148                      AND2_X1         NangateOpenCellLibrary_PDKv1_2_v2008_10_slow_nldm
                                                            1.0640  
U149                      INV_X1          NangateOpenCellLibrary_PDKv1_2_v2008_10_slow_nldm
                                                            0.5320  
U150                      OR2_X1          NangateOpenCellLibrary_PDKv1_2_v2008_10_slow_nldm
                                                            1.0640  
U151                      INV_X1          NangateOpenCellLibrary_PDKv1_2_v2008_10_slow_nldm
                                                            0.5320  
U152                      NAND2_X1        NangateOpenCellLibrary_PDKv1_2_v2008_10_slow_nldm
                                                            0.7980  
U153                      OR2_X1          NangateOpenCellLibrary_PDKv1_2_v2008_10_slow_nldm
                                                            1.0640  
U154                      OR2_X1          NangateOpenCellLibrary_PDKv1_2_v2008_10_slow_nldm
                                                            1.0640  
U155                      OR2_X1          NangateOpenCellLibrary_PDKv1_2_v2008_10_slow_nldm
                                                            1.0640  
U156                      OR2_X1          NangateOpenCellLibrary_PDKv1_2_v2008_10_slow_nldm
                                                            1.0640  
U157                      INV_X1          NangateOpenCellLibrary_PDKv1_2_v2008_10_slow_nldm
                                                            0.5320  
U158                      NOR2_X1         NangateOpenCellLibrary_PDKv1_2_v2008_10_slow_nldm
                                                            0.7980  
U159                      NAND2_X1        NangateOpenCellLibrary_PDKv1_2_v2008_10_slow_nldm
                                                            0.7980  
U160                      OR2_X2          NangateOpenCellLibrary_PDKv1_2_v2008_10_slow_nldm
                                                            1.0640  
U161                      AOI21_X2        NangateOpenCellLibrary_PDKv1_2_v2008_10_slow_nldm
                                                            1.0640  
U162                      XNOR2_X1        NangateOpenCellLibrary_PDKv1_2_v2008_10_slow_nldm
                                                            1.5960  
U163                      OR2_X1          NangateOpenCellLibrary_PDKv1_2_v2008_10_slow_nldm
                                                            1.0640  
U164                      OR2_X1          NangateOpenCellLibrary_PDKv1_2_v2008_10_slow_nldm
                                                            1.0640  
U165                      XNOR2_X1        NangateOpenCellLibrary_PDKv1_2_v2008_10_slow_nldm
                                                            1.5960  
U166                      OR2_X2          NangateOpenCellLibrary_PDKv1_2_v2008_10_slow_nldm
                                                            1.0640  
U167                      AND2_X2         NangateOpenCellLibrary_PDKv1_2_v2008_10_slow_nldm
                                                            1.0640  
U168                      OR2_X2          NangateOpenCellLibrary_PDKv1_2_v2008_10_slow_nldm
                                                            1.0640  
U169                      CLKBUF_X3       NangateOpenCellLibrary_PDKv1_2_v2008_10_slow_nldm
                                                            0.7980  
U170                      BUF_X2          NangateOpenCellLibrary_PDKv1_2_v2008_10_slow_nldm
                                                            0.7980  
U171                      BUF_X2          NangateOpenCellLibrary_PDKv1_2_v2008_10_slow_nldm
                                                            0.7980  
U172                      BUF_X2          NangateOpenCellLibrary_PDKv1_2_v2008_10_slow_nldm
                                                            0.7980  
U173                      CLKBUF_X3       NangateOpenCellLibrary_PDKv1_2_v2008_10_slow_nldm
                                                            0.7980  
U174                      INV_X2          NangateOpenCellLibrary_PDKv1_2_v2008_10_slow_nldm
                                                            0.5320  
U175                      INV_X2          NangateOpenCellLibrary_PDKv1_2_v2008_10_slow_nldm
                                                            0.5320  
U176                      INV_X2          NangateOpenCellLibrary_PDKv1_2_v2008_10_slow_nldm
                                                            0.5320  
U177                      INV_X2          NangateOpenCellLibrary_PDKv1_2_v2008_10_slow_nldm
                                                            0.5320  
U178                      INV_X2          NangateOpenCellLibrary_PDKv1_2_v2008_10_slow_nldm
                                                            0.5320  
U179                      INV_X2          NangateOpenCellLibrary_PDKv1_2_v2008_10_slow_nldm
                                                            0.5320  
U180                      INV_X2          NangateOpenCellLibrary_PDKv1_2_v2008_10_slow_nldm
                                                            0.5320  
U181                      INV_X2          NangateOpenCellLibrary_PDKv1_2_v2008_10_slow_nldm
                                                            0.5320  
U182                      INV_X2          NangateOpenCellLibrary_PDKv1_2_v2008_10_slow_nldm
                                                            0.5320  
U183                      INV_X2          NangateOpenCellLibrary_PDKv1_2_v2008_10_slow_nldm
                                                            0.5320  
U184                      INV_X2          NangateOpenCellLibrary_PDKv1_2_v2008_10_slow_nldm
                                                            0.5320  
U185                      INV_X2          NangateOpenCellLibrary_PDKv1_2_v2008_10_slow_nldm
                                                            0.5320  
U186                      INV_X2          NangateOpenCellLibrary_PDKv1_2_v2008_10_slow_nldm
                                                            0.5320  
U187                      INV_X2          NangateOpenCellLibrary_PDKv1_2_v2008_10_slow_nldm
                                                            0.5320  
U188                      INV_X2          NangateOpenCellLibrary_PDKv1_2_v2008_10_slow_nldm
                                                            0.5320  
U189                      INV_X2          NangateOpenCellLibrary_PDKv1_2_v2008_10_slow_nldm
                                                            0.5320  
U190                      INV_X2          NangateOpenCellLibrary_PDKv1_2_v2008_10_slow_nldm
                                                            0.5320  
U191                      INV_X2          NangateOpenCellLibrary_PDKv1_2_v2008_10_slow_nldm
                                                            0.5320  
U192                      INV_X2          NangateOpenCellLibrary_PDKv1_2_v2008_10_slow_nldm
                                                            0.5320  
U193                      INV_X2          NangateOpenCellLibrary_PDKv1_2_v2008_10_slow_nldm
                                                            0.5320  
U194                      INV_X2          NangateOpenCellLibrary_PDKv1_2_v2008_10_slow_nldm
                                                            0.5320  
U195                      INV_X2          NangateOpenCellLibrary_PDKv1_2_v2008_10_slow_nldm
                                                            0.5320  
U196                      INV_X2          NangateOpenCellLibrary_PDKv1_2_v2008_10_slow_nldm
                                                            0.5320  
U197                      INV_X2          NangateOpenCellLibrary_PDKv1_2_v2008_10_slow_nldm
                                                            0.5320  
U198                      INV_X2          NangateOpenCellLibrary_PDKv1_2_v2008_10_slow_nldm
                                                            0.5320  
U199                      INV_X2          NangateOpenCellLibrary_PDKv1_2_v2008_10_slow_nldm
                                                            0.5320  
U200                      INV_X2          NangateOpenCellLibrary_PDKv1_2_v2008_10_slow_nldm
                                                            0.5320  
U201                      INV_X2          NangateOpenCellLibrary_PDKv1_2_v2008_10_slow_nldm
                                                            0.5320  
U202                      INV_X2          NangateOpenCellLibrary_PDKv1_2_v2008_10_slow_nldm
                                                            0.5320  
U203                      INV_X2          NangateOpenCellLibrary_PDKv1_2_v2008_10_slow_nldm
                                                            0.5320  
U204                      INV_X2          NangateOpenCellLibrary_PDKv1_2_v2008_10_slow_nldm
                                                            0.5320  
U205                      INV_X2          NangateOpenCellLibrary_PDKv1_2_v2008_10_slow_nldm
                                                            0.5320  
U206                      INV_X2          NangateOpenCellLibrary_PDKv1_2_v2008_10_slow_nldm
                                                            0.5320  
U207                      INV_X2          NangateOpenCellLibrary_PDKv1_2_v2008_10_slow_nldm
                                                            0.5320  
U208                      INV_X2          NangateOpenCellLibrary_PDKv1_2_v2008_10_slow_nldm
                                                            0.5320  
U209                      INV_X2          NangateOpenCellLibrary_PDKv1_2_v2008_10_slow_nldm
                                                            0.5320  
U210                      INV_X2          NangateOpenCellLibrary_PDKv1_2_v2008_10_slow_nldm
                                                            0.5320  
U211                      INV_X2          NangateOpenCellLibrary_PDKv1_2_v2008_10_slow_nldm
                                                            0.5320  
U212                      INV_X2          NangateOpenCellLibrary_PDKv1_2_v2008_10_slow_nldm
                                                            0.5320  
U213                      INV_X2          NangateOpenCellLibrary_PDKv1_2_v2008_10_slow_nldm
                                                            0.5320  
U214                      INV_X2          NangateOpenCellLibrary_PDKv1_2_v2008_10_slow_nldm
                                                            0.5320  
U215                      INV_X2          NangateOpenCellLibrary_PDKv1_2_v2008_10_slow_nldm
                                                            0.5320  
U216                      INV_X2          NangateOpenCellLibrary_PDKv1_2_v2008_10_slow_nldm
                                                            0.5320  
U217                      INV_X2          NangateOpenCellLibrary_PDKv1_2_v2008_10_slow_nldm
                                                            0.5320  
U218                      INV_X2          NangateOpenCellLibrary_PDKv1_2_v2008_10_slow_nldm
                                                            0.5320  
U267                      INV_X1          NangateOpenCellLibrary_PDKv1_2_v2008_10_slow_nldm
                                                            0.5320  
U268                      NAND2_X1        NangateOpenCellLibrary_PDKv1_2_v2008_10_slow_nldm
                                                            0.7980  
U269                      INV_X1          NangateOpenCellLibrary_PDKv1_2_v2008_10_slow_nldm
                                                            0.5320  
U270                      INV_X1          NangateOpenCellLibrary_PDKv1_2_v2008_10_slow_nldm
                                                            0.5320  
U271                      INV_X1          NangateOpenCellLibrary_PDKv1_2_v2008_10_slow_nldm
                                                            0.5320  
U272                      INV_X1          NangateOpenCellLibrary_PDKv1_2_v2008_10_slow_nldm
                                                            0.5320  
U273                      INV_X1          NangateOpenCellLibrary_PDKv1_2_v2008_10_slow_nldm
                                                            0.5320  
U274                      OR2_X1          NangateOpenCellLibrary_PDKv1_2_v2008_10_slow_nldm
                                                            1.0640  
U275                      AND2_X1         NangateOpenCellLibrary_PDKv1_2_v2008_10_slow_nldm
                                                            1.0640  
U276                      AND2_X1         NangateOpenCellLibrary_PDKv1_2_v2008_10_slow_nldm
                                                            1.0640  
U277                      AND2_X1         NangateOpenCellLibrary_PDKv1_2_v2008_10_slow_nldm
                                                            1.0640  
U278                      OR2_X1          NangateOpenCellLibrary_PDKv1_2_v2008_10_slow_nldm
                                                            1.0640  
U279                      INV_X1          NangateOpenCellLibrary_PDKv1_2_v2008_10_slow_nldm
                                                            0.5320  
U280                      INV_X1          NangateOpenCellLibrary_PDKv1_2_v2008_10_slow_nldm
                                                            0.5320  
U281                      INV_X1          NangateOpenCellLibrary_PDKv1_2_v2008_10_slow_nldm
                                                            0.5320  
U282                      INV_X1          NangateOpenCellLibrary_PDKv1_2_v2008_10_slow_nldm
                                                            0.5320  
U283                      INV_X1          NangateOpenCellLibrary_PDKv1_2_v2008_10_slow_nldm
                                                            0.5320  
U284                      INV_X1          NangateOpenCellLibrary_PDKv1_2_v2008_10_slow_nldm
                                                            0.5320  
U285                      NAND2_X1        NangateOpenCellLibrary_PDKv1_2_v2008_10_slow_nldm
                                                            0.7980  
U286                      INV_X1          NangateOpenCellLibrary_PDKv1_2_v2008_10_slow_nldm
                                                            0.5320  
U287                      NAND2_X1        NangateOpenCellLibrary_PDKv1_2_v2008_10_slow_nldm
                                                            0.7980  
U288                      NAND2_X1        NangateOpenCellLibrary_PDKv1_2_v2008_10_slow_nldm
                                                            0.7980  
U289                      INV_X1          NangateOpenCellLibrary_PDKv1_2_v2008_10_slow_nldm
                                                            0.5320  
U290                      NAND2_X1        NangateOpenCellLibrary_PDKv1_2_v2008_10_slow_nldm
                                                            0.7980  
U291                      OR2_X1          NangateOpenCellLibrary_PDKv1_2_v2008_10_slow_nldm
                                                            1.0640  
U292                      OR2_X1          NangateOpenCellLibrary_PDKv1_2_v2008_10_slow_nldm
                                                            1.0640  
U293                      NAND2_X1        NangateOpenCellLibrary_PDKv1_2_v2008_10_slow_nldm
                                                            0.7980  
U294                      OR2_X1          NangateOpenCellLibrary_PDKv1_2_v2008_10_slow_nldm
                                                            1.0640  
U295                      OR2_X1          NangateOpenCellLibrary_PDKv1_2_v2008_10_slow_nldm
                                                            1.0640  
U296                      OR2_X1          NangateOpenCellLibrary_PDKv1_2_v2008_10_slow_nldm
                                                            1.0640  
U297                      OR2_X1          NangateOpenCellLibrary_PDKv1_2_v2008_10_slow_nldm
                                                            1.0640  
U298                      AND2_X1         NangateOpenCellLibrary_PDKv1_2_v2008_10_slow_nldm
                                                            1.0640  
U299                      OR2_X1          NangateOpenCellLibrary_PDKv1_2_v2008_10_slow_nldm
                                                            1.0640  
U300                      OR2_X1          NangateOpenCellLibrary_PDKv1_2_v2008_10_slow_nldm
                                                            1.0640  
U301                      INV_X1          NangateOpenCellLibrary_PDKv1_2_v2008_10_slow_nldm
                                                            0.5320  
U302                      INV_X1          NangateOpenCellLibrary_PDKv1_2_v2008_10_slow_nldm
                                                            0.5320  
U303                      INV_X1          NangateOpenCellLibrary_PDKv1_2_v2008_10_slow_nldm
                                                            0.5320  
U304                      INV_X1          NangateOpenCellLibrary_PDKv1_2_v2008_10_slow_nldm
                                                            0.5320  
U305                      INV_X1          NangateOpenCellLibrary_PDKv1_2_v2008_10_slow_nldm
                                                            0.5320  
U306                      INV_X1          NangateOpenCellLibrary_PDKv1_2_v2008_10_slow_nldm
                                                            0.5320  
U307                      INV_X1          NangateOpenCellLibrary_PDKv1_2_v2008_10_slow_nldm
                                                            0.5320  
U308                      INV_X1          NangateOpenCellLibrary_PDKv1_2_v2008_10_slow_nldm
                                                            0.5320  
U309                      INV_X1          NangateOpenCellLibrary_PDKv1_2_v2008_10_slow_nldm
                                                            0.5320  
U310                      INV_X1          NangateOpenCellLibrary_PDKv1_2_v2008_10_slow_nldm
                                                            0.5320  
U311                      INV_X1          NangateOpenCellLibrary_PDKv1_2_v2008_10_slow_nldm
                                                            0.5320  
U312                      INV_X1          NangateOpenCellLibrary_PDKv1_2_v2008_10_slow_nldm
                                                            0.5320  
U313                      INV_X1          NangateOpenCellLibrary_PDKv1_2_v2008_10_slow_nldm
                                                            0.5320  
U314                      AND4_X1         NangateOpenCellLibrary_PDKv1_2_v2008_10_slow_nldm
                                                            1.5960  
U315                      INV_X1          NangateOpenCellLibrary_PDKv1_2_v2008_10_slow_nldm
                                                            0.5320  
U316                      INV_X1          NangateOpenCellLibrary_PDKv1_2_v2008_10_slow_nldm
                                                            0.5320  
U317                      NAND2_X1        NangateOpenCellLibrary_PDKv1_2_v2008_10_slow_nldm
                                                            0.7980  
U318                      INV_X1          NangateOpenCellLibrary_PDKv1_2_v2008_10_slow_nldm
                                                            0.5320  
U319                      NAND3_X2        NangateOpenCellLibrary_PDKv1_2_v2008_10_slow_nldm
                                                            1.0640  
U320                      INV_X1          NangateOpenCellLibrary_PDKv1_2_v2008_10_slow_nldm
                                                            0.5320  
U321                      INV_X1          NangateOpenCellLibrary_PDKv1_2_v2008_10_slow_nldm
                                                            0.5320  
U322                      INV_X1          NangateOpenCellLibrary_PDKv1_2_v2008_10_slow_nldm
                                                            0.5320  
U323                      INV_X1          NangateOpenCellLibrary_PDKv1_2_v2008_10_slow_nldm
                                                            0.5320  
U324                      INV_X1          NangateOpenCellLibrary_PDKv1_2_v2008_10_slow_nldm
                                                            0.5320  
U325                      NAND2_X1        NangateOpenCellLibrary_PDKv1_2_v2008_10_slow_nldm
                                                            0.7980  
U326                      NAND2_X1        NangateOpenCellLibrary_PDKv1_2_v2008_10_slow_nldm
                                                            0.7980  
U327                      INV_X4          NangateOpenCellLibrary_PDKv1_2_v2008_10_slow_nldm
                                                            0.5320  
U328                      OAI21_X1        NangateOpenCellLibrary_PDKv1_2_v2008_10_slow_nldm
                                                            1.0640  
U329                      NAND2_X1        NangateOpenCellLibrary_PDKv1_2_v2008_10_slow_nldm
                                                            0.7980  
U330                      NAND2_X1        NangateOpenCellLibrary_PDKv1_2_v2008_10_slow_nldm
                                                            0.7980  
U331                      NOR2_X1         NangateOpenCellLibrary_PDKv1_2_v2008_10_slow_nldm
                                                            0.7980  
U332                      NAND2_X1        NangateOpenCellLibrary_PDKv1_2_v2008_10_slow_nldm
                                                            0.7980  
U333                      AOI21_X1        NangateOpenCellLibrary_PDKv1_2_v2008_10_slow_nldm
                                                            1.0640  
U334                      AOI211_X1       NangateOpenCellLibrary_PDKv1_2_v2008_10_slow_nldm
                                                            1.3300  
U335                      XNOR2_X1        NangateOpenCellLibrary_PDKv1_2_v2008_10_slow_nldm
                                                            1.5960  
U336                      XNOR2_X1        NangateOpenCellLibrary_PDKv1_2_v2008_10_slow_nldm
                                                            1.5960  
U337                      XNOR2_X1        NangateOpenCellLibrary_PDKv1_2_v2008_10_slow_nldm
                                                            1.5960  
U338                      OAI21_X1        NangateOpenCellLibrary_PDKv1_2_v2008_10_slow_nldm
                                                            1.0640  
U339                      NAND2_X1        NangateOpenCellLibrary_PDKv1_2_v2008_10_slow_nldm
                                                            0.7980  
U340                      NAND2_X1        NangateOpenCellLibrary_PDKv1_2_v2008_10_slow_nldm
                                                            0.7980  
U341                      XNOR2_X1        NangateOpenCellLibrary_PDKv1_2_v2008_10_slow_nldm
                                                            1.5960  
U342                      XNOR2_X1        NangateOpenCellLibrary_PDKv1_2_v2008_10_slow_nldm
                                                            1.5960  
U343                      XNOR2_X1        NangateOpenCellLibrary_PDKv1_2_v2008_10_slow_nldm
                                                            1.5960  
U344                      OAI21_X1        NangateOpenCellLibrary_PDKv1_2_v2008_10_slow_nldm
                                                            1.0640  
U345                      NAND2_X1        NangateOpenCellLibrary_PDKv1_2_v2008_10_slow_nldm
                                                            0.7980  
U346                      XNOR2_X1        NangateOpenCellLibrary_PDKv1_2_v2008_10_slow_nldm
                                                            1.5960  
U347                      NAND2_X1        NangateOpenCellLibrary_PDKv1_2_v2008_10_slow_nldm
                                                            0.7980  
U348                      NAND2_X1        NangateOpenCellLibrary_PDKv1_2_v2008_10_slow_nldm
                                                            0.7980  
U349                      NAND2_X1        NangateOpenCellLibrary_PDKv1_2_v2008_10_slow_nldm
                                                            0.7980  
U350                      AND2_X1         NangateOpenCellLibrary_PDKv1_2_v2008_10_slow_nldm
                                                            1.0640  
U351                      XNOR2_X1        NangateOpenCellLibrary_PDKv1_2_v2008_10_slow_nldm
                                                            1.5960  
U352                      XNOR2_X1        NangateOpenCellLibrary_PDKv1_2_v2008_10_slow_nldm
                                                            1.5960  
U353                      XNOR2_X1        NangateOpenCellLibrary_PDKv1_2_v2008_10_slow_nldm
                                                            1.5960  
U354                      FA_X1           NangateOpenCellLibrary_PDKv1_2_v2008_10_slow_nldm
                                                            4.7880  r
U355                      XNOR2_X1        NangateOpenCellLibrary_PDKv1_2_v2008_10_slow_nldm
                                                            1.5960  
U356                      XNOR2_X1        NangateOpenCellLibrary_PDKv1_2_v2008_10_slow_nldm
                                                            1.5960  
U357                      XNOR2_X1        NangateOpenCellLibrary_PDKv1_2_v2008_10_slow_nldm
                                                            1.5960  
U358                      XNOR2_X1        NangateOpenCellLibrary_PDKv1_2_v2008_10_slow_nldm
                                                            1.5960  
U359                      NAND2_X1        NangateOpenCellLibrary_PDKv1_2_v2008_10_slow_nldm
                                                            0.7980  
U360                      NAND2_X1        NangateOpenCellLibrary_PDKv1_2_v2008_10_slow_nldm
                                                            0.7980  
U361                      NAND2_X1        NangateOpenCellLibrary_PDKv1_2_v2008_10_slow_nldm
                                                            0.7980  
U362                      NAND2_X1        NangateOpenCellLibrary_PDKv1_2_v2008_10_slow_nldm
                                                            0.7980  
U363                      HA_X1           NangateOpenCellLibrary_PDKv1_2_v2008_10_slow_nldm
                                                            2.9260  r
U364                      NAND2_X1        NangateOpenCellLibrary_PDKv1_2_v2008_10_slow_nldm
                                                            0.7980  
U365                      INV_X1          NangateOpenCellLibrary_PDKv1_2_v2008_10_slow_nldm
                                                            0.5320  
U366                      AOI21_X1        NangateOpenCellLibrary_PDKv1_2_v2008_10_slow_nldm
                                                            1.0640  
U367                      HA_X1           NangateOpenCellLibrary_PDKv1_2_v2008_10_slow_nldm
                                                            2.9260  r
U368                      NAND2_X1        NangateOpenCellLibrary_PDKv1_2_v2008_10_slow_nldm
                                                            0.7980  
U369                      XNOR2_X1        NangateOpenCellLibrary_PDKv1_2_v2008_10_slow_nldm
                                                            1.5960  
U370                      NAND2_X1        NangateOpenCellLibrary_PDKv1_2_v2008_10_slow_nldm
                                                            0.7980  
U371                      NAND2_X1        NangateOpenCellLibrary_PDKv1_2_v2008_10_slow_nldm
                                                            0.7980  
U372                      NAND2_X1        NangateOpenCellLibrary_PDKv1_2_v2008_10_slow_nldm
                                                            0.7980  
U373                      XNOR2_X1        NangateOpenCellLibrary_PDKv1_2_v2008_10_slow_nldm
                                                            1.5960  
U374                      XNOR2_X1        NangateOpenCellLibrary_PDKv1_2_v2008_10_slow_nldm
                                                            1.5960  
U375                      XNOR2_X1        NangateOpenCellLibrary_PDKv1_2_v2008_10_slow_nldm
                                                            1.5960  
U376                      NAND2_X1        NangateOpenCellLibrary_PDKv1_2_v2008_10_slow_nldm
                                                            0.7980  
U377                      NAND2_X1        NangateOpenCellLibrary_PDKv1_2_v2008_10_slow_nldm
                                                            0.7980  
U378                      NAND2_X1        NangateOpenCellLibrary_PDKv1_2_v2008_10_slow_nldm
                                                            0.7980  
U379                      XNOR2_X1        NangateOpenCellLibrary_PDKv1_2_v2008_10_slow_nldm
                                                            1.5960  
U380                      XNOR2_X1        NangateOpenCellLibrary_PDKv1_2_v2008_10_slow_nldm
                                                            1.5960  
U381                      XNOR2_X1        NangateOpenCellLibrary_PDKv1_2_v2008_10_slow_nldm
                                                            1.5960  
U382                      XNOR2_X1        NangateOpenCellLibrary_PDKv1_2_v2008_10_slow_nldm
                                                            1.5960  
U383                      XNOR2_X1        NangateOpenCellLibrary_PDKv1_2_v2008_10_slow_nldm
                                                            1.5960  
U384                      XNOR2_X1        NangateOpenCellLibrary_PDKv1_2_v2008_10_slow_nldm
                                                            1.5960  
U385                      XNOR2_X1        NangateOpenCellLibrary_PDKv1_2_v2008_10_slow_nldm
                                                            1.5960  
U386                      XNOR2_X1        NangateOpenCellLibrary_PDKv1_2_v2008_10_slow_nldm
                                                            1.5960  
U387                      XNOR2_X1        NangateOpenCellLibrary_PDKv1_2_v2008_10_slow_nldm
                                                            1.5960  
U388                      XNOR2_X1        NangateOpenCellLibrary_PDKv1_2_v2008_10_slow_nldm
                                                            1.5960  
U389                      XNOR2_X1        NangateOpenCellLibrary_PDKv1_2_v2008_10_slow_nldm
                                                            1.5960  
U390                      NAND2_X1        NangateOpenCellLibrary_PDKv1_2_v2008_10_slow_nldm
                                                            0.7980  
U391                      INV_X1          NangateOpenCellLibrary_PDKv1_2_v2008_10_slow_nldm
                                                            0.5320  
U392                      AOI21_X1        NangateOpenCellLibrary_PDKv1_2_v2008_10_slow_nldm
                                                            1.0640  
U393                      NAND2_X1        NangateOpenCellLibrary_PDKv1_2_v2008_10_slow_nldm
                                                            0.7980  
U394                      NAND2_X1        NangateOpenCellLibrary_PDKv1_2_v2008_10_slow_nldm
                                                            0.7980  
U395                      OAI21_X1        NangateOpenCellLibrary_PDKv1_2_v2008_10_slow_nldm
                                                            1.0640  
U396                      NAND2_X1        NangateOpenCellLibrary_PDKv1_2_v2008_10_slow_nldm
                                                            0.7980  
U397                      NAND2_X1        NangateOpenCellLibrary_PDKv1_2_v2008_10_slow_nldm
                                                            0.7980  
U398                      AND2_X1         NangateOpenCellLibrary_PDKv1_2_v2008_10_slow_nldm
                                                            1.0640  
U399                      XNOR2_X1        NangateOpenCellLibrary_PDKv1_2_v2008_10_slow_nldm
                                                            1.5960  
U400                      XNOR2_X1        NangateOpenCellLibrary_PDKv1_2_v2008_10_slow_nldm
                                                            1.5960  
U401                      NAND2_X1        NangateOpenCellLibrary_PDKv1_2_v2008_10_slow_nldm
                                                            0.7980  
U402                      NAND2_X1        NangateOpenCellLibrary_PDKv1_2_v2008_10_slow_nldm
                                                            0.7980  
U403                      NAND2_X1        NangateOpenCellLibrary_PDKv1_2_v2008_10_slow_nldm
                                                            0.7980  
U404                      NAND2_X1        NangateOpenCellLibrary_PDKv1_2_v2008_10_slow_nldm
                                                            0.7980  
U405                      NOR2_X1         NangateOpenCellLibrary_PDKv1_2_v2008_10_slow_nldm
                                                            0.7980  
U406                      INV_X1          NangateOpenCellLibrary_PDKv1_2_v2008_10_slow_nldm
                                                            0.5320  
U407                      NAND2_X1        NangateOpenCellLibrary_PDKv1_2_v2008_10_slow_nldm
                                                            0.7980  
U408                      NAND2_X1        NangateOpenCellLibrary_PDKv1_2_v2008_10_slow_nldm
                                                            0.7980  
U409                      XOR2_X1         NangateOpenCellLibrary_PDKv1_2_v2008_10_slow_nldm
                                                            1.5960  
U410                      NAND2_X1        NangateOpenCellLibrary_PDKv1_2_v2008_10_slow_nldm
                                                            0.7980  
U411                      XNOR2_X1        NangateOpenCellLibrary_PDKv1_2_v2008_10_slow_nldm
                                                            1.5960  
U412                      OAI21_X1        NangateOpenCellLibrary_PDKv1_2_v2008_10_slow_nldm
                                                            1.0640  
U413                      NAND2_X1        NangateOpenCellLibrary_PDKv1_2_v2008_10_slow_nldm
                                                            0.7980  
U414                      NAND2_X1        NangateOpenCellLibrary_PDKv1_2_v2008_10_slow_nldm
                                                            0.7980  
U415                      NAND2_X1        NangateOpenCellLibrary_PDKv1_2_v2008_10_slow_nldm
                                                            0.7980  
U416                      NAND2_X1        NangateOpenCellLibrary_PDKv1_2_v2008_10_slow_nldm
                                                            0.7980  
U417                      AND2_X1         NangateOpenCellLibrary_PDKv1_2_v2008_10_slow_nldm
                                                            1.0640  
U418                      NAND2_X1        NangateOpenCellLibrary_PDKv1_2_v2008_10_slow_nldm
                                                            0.7980  
U419                      NAND2_X1        NangateOpenCellLibrary_PDKv1_2_v2008_10_slow_nldm
                                                            0.7980  
U420                      NAND2_X1        NangateOpenCellLibrary_PDKv1_2_v2008_10_slow_nldm
                                                            0.7980  
U421                      NAND2_X1        NangateOpenCellLibrary_PDKv1_2_v2008_10_slow_nldm
                                                            0.7980  
U422                      INV_X1          NangateOpenCellLibrary_PDKv1_2_v2008_10_slow_nldm
                                                            0.5320  
U423                      AOI21_X1        NangateOpenCellLibrary_PDKv1_2_v2008_10_slow_nldm
                                                            1.0640  
U424                      HA_X1           NangateOpenCellLibrary_PDKv1_2_v2008_10_slow_nldm
                                                            2.9260  r
U425                      NAND2_X1        NangateOpenCellLibrary_PDKv1_2_v2008_10_slow_nldm
                                                            0.7980  
U426                      XNOR2_X1        NangateOpenCellLibrary_PDKv1_2_v2008_10_slow_nldm
                                                            1.5960  
U427                      XNOR2_X1        NangateOpenCellLibrary_PDKv1_2_v2008_10_slow_nldm
                                                            1.5960  
U428                      XNOR2_X1        NangateOpenCellLibrary_PDKv1_2_v2008_10_slow_nldm
                                                            1.5960  
U429                      XNOR2_X1        NangateOpenCellLibrary_PDKv1_2_v2008_10_slow_nldm
                                                            1.5960  
U430                      OAI21_X1        NangateOpenCellLibrary_PDKv1_2_v2008_10_slow_nldm
                                                            1.0640  
U431                      NAND2_X1        NangateOpenCellLibrary_PDKv1_2_v2008_10_slow_nldm
                                                            0.7980  
U432                      XNOR2_X1        NangateOpenCellLibrary_PDKv1_2_v2008_10_slow_nldm
                                                            1.5960  
U433                      XNOR2_X1        NangateOpenCellLibrary_PDKv1_2_v2008_10_slow_nldm
                                                            1.5960  
U434                      XNOR2_X1        NangateOpenCellLibrary_PDKv1_2_v2008_10_slow_nldm
                                                            1.5960  
U435                      OAI21_X1        NangateOpenCellLibrary_PDKv1_2_v2008_10_slow_nldm
                                                            1.0640  
U436                      NAND2_X1        NangateOpenCellLibrary_PDKv1_2_v2008_10_slow_nldm
                                                            0.7980  
U437                      NAND2_X1        NangateOpenCellLibrary_PDKv1_2_v2008_10_slow_nldm
                                                            0.7980  
U438                      NAND2_X1        NangateOpenCellLibrary_PDKv1_2_v2008_10_slow_nldm
                                                            0.7980  
U439                      NAND2_X1        NangateOpenCellLibrary_PDKv1_2_v2008_10_slow_nldm
                                                            0.7980  
U440                      AND2_X1         NangateOpenCellLibrary_PDKv1_2_v2008_10_slow_nldm
                                                            1.0640  
U441                      XNOR2_X1        NangateOpenCellLibrary_PDKv1_2_v2008_10_slow_nldm
                                                            1.5960  
U442                      XNOR2_X1        NangateOpenCellLibrary_PDKv1_2_v2008_10_slow_nldm
                                                            1.5960  
U443                      XNOR2_X1        NangateOpenCellLibrary_PDKv1_2_v2008_10_slow_nldm
                                                            1.5960  
U444                      XNOR2_X1        NangateOpenCellLibrary_PDKv1_2_v2008_10_slow_nldm
                                                            1.5960  
U445                      INV_X2          NangateOpenCellLibrary_PDKv1_2_v2008_10_slow_nldm
                                                            0.5320  
U446                      NAND2_X1        NangateOpenCellLibrary_PDKv1_2_v2008_10_slow_nldm
                                                            0.7980  
U447                      NAND2_X1        NangateOpenCellLibrary_PDKv1_2_v2008_10_slow_nldm
                                                            0.7980  
U448                      XNOR2_X1        NangateOpenCellLibrary_PDKv1_2_v2008_10_slow_nldm
                                                            1.5960  
U449                      XNOR2_X1        NangateOpenCellLibrary_PDKv1_2_v2008_10_slow_nldm
                                                            1.5960  
U450                      XNOR2_X1        NangateOpenCellLibrary_PDKv1_2_v2008_10_slow_nldm
                                                            1.5960  
U451                      XNOR2_X1        NangateOpenCellLibrary_PDKv1_2_v2008_10_slow_nldm
                                                            1.5960  
U452                      FA_X1           NangateOpenCellLibrary_PDKv1_2_v2008_10_slow_nldm
                                                            4.7880  r
U453                      NAND2_X1        NangateOpenCellLibrary_PDKv1_2_v2008_10_slow_nldm
                                                            0.7980  
U454                      NAND2_X1        NangateOpenCellLibrary_PDKv1_2_v2008_10_slow_nldm
                                                            0.7980  
U455                      NAND2_X1        NangateOpenCellLibrary_PDKv1_2_v2008_10_slow_nldm
                                                            0.7980  
U456                      NAND2_X1        NangateOpenCellLibrary_PDKv1_2_v2008_10_slow_nldm
                                                            0.7980  
U457                      XNOR2_X1        NangateOpenCellLibrary_PDKv1_2_v2008_10_slow_nldm
                                                            1.5960  
U458                      NAND2_X1        NangateOpenCellLibrary_PDKv1_2_v2008_10_slow_nldm
                                                            0.7980  
U459                      NAND2_X1        NangateOpenCellLibrary_PDKv1_2_v2008_10_slow_nldm
                                                            0.7980  
U460                      NAND2_X1        NangateOpenCellLibrary_PDKv1_2_v2008_10_slow_nldm
                                                            0.7980  
U461                      NAND2_X1        NangateOpenCellLibrary_PDKv1_2_v2008_10_slow_nldm
                                                            0.7980  
U462                      NAND2_X1        NangateOpenCellLibrary_PDKv1_2_v2008_10_slow_nldm
                                                            0.7980  
U463                      NAND2_X1        NangateOpenCellLibrary_PDKv1_2_v2008_10_slow_nldm
                                                            0.7980  
U464                      AND2_X1         NangateOpenCellLibrary_PDKv1_2_v2008_10_slow_nldm
                                                            1.0640  
U465                      NAND2_X1        NangateOpenCellLibrary_PDKv1_2_v2008_10_slow_nldm
                                                            0.7980  
U466                      NAND2_X1        NangateOpenCellLibrary_PDKv1_2_v2008_10_slow_nldm
                                                            0.7980  
U467                      NAND2_X1        NangateOpenCellLibrary_PDKv1_2_v2008_10_slow_nldm
                                                            0.7980  
U468                      NAND2_X1        NangateOpenCellLibrary_PDKv1_2_v2008_10_slow_nldm
                                                            0.7980  
U469                      NAND2_X1        NangateOpenCellLibrary_PDKv1_2_v2008_10_slow_nldm
                                                            0.7980  
U470                      INV_X1          NangateOpenCellLibrary_PDKv1_2_v2008_10_slow_nldm
                                                            0.5320  
U471                      AOI21_X1        NangateOpenCellLibrary_PDKv1_2_v2008_10_slow_nldm
                                                            1.0640  
U472                      HA_X1           NangateOpenCellLibrary_PDKv1_2_v2008_10_slow_nldm
                                                            2.9260  r
U473                      NAND2_X1        NangateOpenCellLibrary_PDKv1_2_v2008_10_slow_nldm
                                                            0.7980  
U474                      XNOR2_X1        NangateOpenCellLibrary_PDKv1_2_v2008_10_slow_nldm
                                                            1.5960  
U475                      OAI21_X1        NangateOpenCellLibrary_PDKv1_2_v2008_10_slow_nldm
                                                            1.0640  
U476                      NAND2_X1        NangateOpenCellLibrary_PDKv1_2_v2008_10_slow_nldm
                                                            0.7980  
U477                      XOR2_X1         NangateOpenCellLibrary_PDKv1_2_v2008_10_slow_nldm
                                                            1.5960  
U478                      NAND2_X1        NangateOpenCellLibrary_PDKv1_2_v2008_10_slow_nldm
                                                            0.7980  
U479                      XNOR2_X1        NangateOpenCellLibrary_PDKv1_2_v2008_10_slow_nldm
                                                            1.5960  
U480                      NAND2_X1        NangateOpenCellLibrary_PDKv1_2_v2008_10_slow_nldm
                                                            0.7980  
U481                      NAND2_X1        NangateOpenCellLibrary_PDKv1_2_v2008_10_slow_nldm
                                                            0.7980  
U482                      NAND2_X1        NangateOpenCellLibrary_PDKv1_2_v2008_10_slow_nldm
                                                            0.7980  
U483                      NAND2_X1        NangateOpenCellLibrary_PDKv1_2_v2008_10_slow_nldm
                                                            0.7980  
U484                      XNOR2_X1        NangateOpenCellLibrary_PDKv1_2_v2008_10_slow_nldm
                                                            1.5960  
U485                      XNOR2_X1        NangateOpenCellLibrary_PDKv1_2_v2008_10_slow_nldm
                                                            1.5960  
U486                      XNOR2_X1        NangateOpenCellLibrary_PDKv1_2_v2008_10_slow_nldm
                                                            1.5960  
U487                      XNOR2_X1        NangateOpenCellLibrary_PDKv1_2_v2008_10_slow_nldm
                                                            1.5960  
U488                      XNOR2_X1        NangateOpenCellLibrary_PDKv1_2_v2008_10_slow_nldm
                                                            1.5960  
U489                      XNOR2_X1        NangateOpenCellLibrary_PDKv1_2_v2008_10_slow_nldm
                                                            1.5960  
U490                      OAI21_X1        NangateOpenCellLibrary_PDKv1_2_v2008_10_slow_nldm
                                                            1.0640  
U491                      NAND2_X1        NangateOpenCellLibrary_PDKv1_2_v2008_10_slow_nldm
                                                            0.7980  
U492                      XNOR2_X1        NangateOpenCellLibrary_PDKv1_2_v2008_10_slow_nldm
                                                            1.5960  
U493                      XNOR2_X1        NangateOpenCellLibrary_PDKv1_2_v2008_10_slow_nldm
                                                            1.5960  
U494                      XNOR2_X1        NangateOpenCellLibrary_PDKv1_2_v2008_10_slow_nldm
                                                            1.5960  
U495                      XNOR2_X1        NangateOpenCellLibrary_PDKv1_2_v2008_10_slow_nldm
                                                            1.5960  
U496                      XNOR2_X1        NangateOpenCellLibrary_PDKv1_2_v2008_10_slow_nldm
                                                            1.5960  
U497                      XNOR2_X1        NangateOpenCellLibrary_PDKv1_2_v2008_10_slow_nldm
                                                            1.5960  
U498                      OR2_X1          NangateOpenCellLibrary_PDKv1_2_v2008_10_slow_nldm
                                                            1.0640  
U499                      NAND2_X1        NangateOpenCellLibrary_PDKv1_2_v2008_10_slow_nldm
                                                            0.7980  
U500                      NAND2_X1        NangateOpenCellLibrary_PDKv1_2_v2008_10_slow_nldm
                                                            0.7980  
U501                      NAND2_X1        NangateOpenCellLibrary_PDKv1_2_v2008_10_slow_nldm
                                                            0.7980  
U502                      NAND2_X1        NangateOpenCellLibrary_PDKv1_2_v2008_10_slow_nldm
                                                            0.7980  
U503                      NAND2_X1        NangateOpenCellLibrary_PDKv1_2_v2008_10_slow_nldm
                                                            0.7980  
U504                      FA_X1           NangateOpenCellLibrary_PDKv1_2_v2008_10_slow_nldm
                                                            4.7880  r
U505                      XNOR2_X1        NangateOpenCellLibrary_PDKv1_2_v2008_10_slow_nldm
                                                            1.5960  
U506                      XNOR2_X1        NangateOpenCellLibrary_PDKv1_2_v2008_10_slow_nldm
                                                            1.5960  
U507                      XNOR2_X1        NangateOpenCellLibrary_PDKv1_2_v2008_10_slow_nldm
                                                            1.5960  
U508                      XNOR2_X1        NangateOpenCellLibrary_PDKv1_2_v2008_10_slow_nldm
                                                            1.5960  
U509                      NAND2_X1        NangateOpenCellLibrary_PDKv1_2_v2008_10_slow_nldm
                                                            0.7980  
U510                      NAND2_X1        NangateOpenCellLibrary_PDKv1_2_v2008_10_slow_nldm
                                                            0.7980  
U511                      NAND2_X1        NangateOpenCellLibrary_PDKv1_2_v2008_10_slow_nldm
                                                            0.7980  
U512                      XNOR2_X1        NangateOpenCellLibrary_PDKv1_2_v2008_10_slow_nldm
                                                            1.5960  
U513                      NAND2_X1        NangateOpenCellLibrary_PDKv1_2_v2008_10_slow_nldm
                                                            0.7980  
U514                      XNOR2_X1        NangateOpenCellLibrary_PDKv1_2_v2008_10_slow_nldm
                                                            1.5960  
U515                      NAND2_X1        NangateOpenCellLibrary_PDKv1_2_v2008_10_slow_nldm
                                                            0.7980  
U516                      NAND2_X1        NangateOpenCellLibrary_PDKv1_2_v2008_10_slow_nldm
                                                            0.7980  
U517                      NAND2_X1        NangateOpenCellLibrary_PDKv1_2_v2008_10_slow_nldm
                                                            0.7980  
U518                      NAND2_X1        NangateOpenCellLibrary_PDKv1_2_v2008_10_slow_nldm
                                                            0.7980  
U519                      NAND2_X1        NangateOpenCellLibrary_PDKv1_2_v2008_10_slow_nldm
                                                            0.7980  
U520                      HA_X1           NangateOpenCellLibrary_PDKv1_2_v2008_10_slow_nldm
                                                            2.9260  r
U521                      NAND2_X1        NangateOpenCellLibrary_PDKv1_2_v2008_10_slow_nldm
                                                            0.7980  
U522                      NAND2_X1        NangateOpenCellLibrary_PDKv1_2_v2008_10_slow_nldm
                                                            0.7980  
U523                      XNOR2_X1        NangateOpenCellLibrary_PDKv1_2_v2008_10_slow_nldm
                                                            1.5960  
U524                      INV_X1          NangateOpenCellLibrary_PDKv1_2_v2008_10_slow_nldm
                                                            0.5320  
U525                      HA_X1           NangateOpenCellLibrary_PDKv1_2_v2008_10_slow_nldm
                                                            2.9260  r
U526                      NAND2_X1        NangateOpenCellLibrary_PDKv1_2_v2008_10_slow_nldm
                                                            0.7980  
U527                      XNOR2_X1        NangateOpenCellLibrary_PDKv1_2_v2008_10_slow_nldm
                                                            1.5960  
U528                      OAI21_X1        NangateOpenCellLibrary_PDKv1_2_v2008_10_slow_nldm
                                                            1.0640  
U529                      NAND2_X1        NangateOpenCellLibrary_PDKv1_2_v2008_10_slow_nldm
                                                            0.7980  
U530                      NAND2_X1        NangateOpenCellLibrary_PDKv1_2_v2008_10_slow_nldm
                                                            0.7980  
U531                      NAND3_X1        NangateOpenCellLibrary_PDKv1_2_v2008_10_slow_nldm
                                                            1.0640  
U532                      INV_X4          NangateOpenCellLibrary_PDKv1_2_v2008_10_slow_nldm
                                                            0.5320  
U533                      NAND2_X1        NangateOpenCellLibrary_PDKv1_2_v2008_10_slow_nldm
                                                            0.7980  
U534                      NAND3_X1        NangateOpenCellLibrary_PDKv1_2_v2008_10_slow_nldm
                                                            1.0640  
U535                      NAND3_X1        NangateOpenCellLibrary_PDKv1_2_v2008_10_slow_nldm
                                                            1.0640  
U536                      OAI21_X1        NangateOpenCellLibrary_PDKv1_2_v2008_10_slow_nldm
                                                            1.0640  
U537                      AOI22_X1        NangateOpenCellLibrary_PDKv1_2_v2008_10_slow_nldm
                                                            1.3300  
U538                      AOI22_X1        NangateOpenCellLibrary_PDKv1_2_v2008_10_slow_nldm
                                                            1.3300  
U539                      AOI22_X1        NangateOpenCellLibrary_PDKv1_2_v2008_10_slow_nldm
                                                            1.3300  
U540                      AOI22_X1        NangateOpenCellLibrary_PDKv1_2_v2008_10_slow_nldm
                                                            1.3300  
U541                      NAND3_X1        NangateOpenCellLibrary_PDKv1_2_v2008_10_slow_nldm
                                                            1.0640  
U542                      NOR2_X1         NangateOpenCellLibrary_PDKv1_2_v2008_10_slow_nldm
                                                            0.7980  
U543                      NAND3_X1        NangateOpenCellLibrary_PDKv1_2_v2008_10_slow_nldm
                                                            1.0640  
U544                      AOI21_X1        NangateOpenCellLibrary_PDKv1_2_v2008_10_slow_nldm
                                                            1.0640  
U545                      AOI22_X1        NangateOpenCellLibrary_PDKv1_2_v2008_10_slow_nldm
                                                            1.3300  
U546                      AOI22_X1        NangateOpenCellLibrary_PDKv1_2_v2008_10_slow_nldm
                                                            1.3300  
U547                      AOI22_X1        NangateOpenCellLibrary_PDKv1_2_v2008_10_slow_nldm
                                                            1.3300  
U548                      AOI22_X1        NangateOpenCellLibrary_PDKv1_2_v2008_10_slow_nldm
                                                            1.3300  
U549                      AOI22_X1        NangateOpenCellLibrary_PDKv1_2_v2008_10_slow_nldm
                                                            1.3300  
U550                      AOI22_X1        NangateOpenCellLibrary_PDKv1_2_v2008_10_slow_nldm
                                                            1.3300  
U551                      AOI22_X1        NangateOpenCellLibrary_PDKv1_2_v2008_10_slow_nldm
                                                            1.3300  
U552                      AOI22_X1        NangateOpenCellLibrary_PDKv1_2_v2008_10_slow_nldm
                                                            1.3300  
U553                      AOI22_X1        NangateOpenCellLibrary_PDKv1_2_v2008_10_slow_nldm
                                                            1.3300  
U554                      AOI22_X1        NangateOpenCellLibrary_PDKv1_2_v2008_10_slow_nldm
                                                            1.3300  
u1/count1_reg[0]          DFF_X1          NangateOpenCellLibrary_PDKv1_2_v2008_10_slow_nldm
                                                            4.7880  n
u1/count1_reg[1]          DFF_X1          NangateOpenCellLibrary_PDKv1_2_v2008_10_slow_nldm
                                                            4.7880  n
u1/count1_reg[2]          DFF_X1          NangateOpenCellLibrary_PDKv1_2_v2008_10_slow_nldm
                                                            4.7880  n
u1/count1_reg[3]          DFF_X1          NangateOpenCellLibrary_PDKv1_2_v2008_10_slow_nldm
                                                            4.7880  n
u1/count2_reg[0]          DFF_X1          NangateOpenCellLibrary_PDKv1_2_v2008_10_slow_nldm
                                                            4.7880  n
u1/count2_reg[1]          DFF_X1          NangateOpenCellLibrary_PDKv1_2_v2008_10_slow_nldm
                                                            4.7880  n
u1/count2_reg[2]          DFF_X1          NangateOpenCellLibrary_PDKv1_2_v2008_10_slow_nldm
                                                            4.7880  n
u1/count2_reg[3]          DFF_X1          NangateOpenCellLibrary_PDKv1_2_v2008_10_slow_nldm
                                                            4.7880  n
u1/count3_reg[0]          DFF_X1          NangateOpenCellLibrary_PDKv1_2_v2008_10_slow_nldm
                                                            4.7880  n
u1/count3_reg[1]          DFF_X1          NangateOpenCellLibrary_PDKv1_2_v2008_10_slow_nldm
                                                            4.7880  n
u1/count3_reg[2]          DFF_X1          NangateOpenCellLibrary_PDKv1_2_v2008_10_slow_nldm
                                                            4.7880  n
u1/count3_reg[3]          DFF_X1          NangateOpenCellLibrary_PDKv1_2_v2008_10_slow_nldm
                                                            4.7880  n
u1/count4_reg[0]          DFF_X1          NangateOpenCellLibrary_PDKv1_2_v2008_10_slow_nldm
                                                            4.7880  n
u1/count4_reg[1]          DFF_X1          NangateOpenCellLibrary_PDKv1_2_v2008_10_slow_nldm
                                                            4.7880  n
u1/count4_reg[2]          DFF_X1          NangateOpenCellLibrary_PDKv1_2_v2008_10_slow_nldm
                                                            4.7880  n
u1/count4_reg[3]          DFF_X1          NangateOpenCellLibrary_PDKv1_2_v2008_10_slow_nldm
                                                            4.7880  n
u1/sig_out_reg[0]         DFF_X1          NangateOpenCellLibrary_PDKv1_2_v2008_10_slow_nldm
                                                            4.7880  n
u1/sig_out_reg[1]         DFF_X1          NangateOpenCellLibrary_PDKv1_2_v2008_10_slow_nldm
                                                            4.7880  n
u1/sig_out_reg[2]         DFF_X1          NangateOpenCellLibrary_PDKv1_2_v2008_10_slow_nldm
                                                            4.7880  n
u1/sig_out_reg[3]         DFF_X1          NangateOpenCellLibrary_PDKv1_2_v2008_10_slow_nldm
                                                            4.7880  n
u1/write_data_reg[0]      DFF_X2          NangateOpenCellLibrary_PDKv1_2_v2008_10_slow_nldm
                                                            4.7880  n
u1/write_data_reg[1]      DFF_X2          NangateOpenCellLibrary_PDKv1_2_v2008_10_slow_nldm
                                                            4.7880  n
u1/write_data_reg[2]      DFF_X2          NangateOpenCellLibrary_PDKv1_2_v2008_10_slow_nldm
                                                            4.7880  n
u1/write_data_reg[3]      DFF_X2          NangateOpenCellLibrary_PDKv1_2_v2008_10_slow_nldm
                                                            4.7880  n
u2/current_state_reg[0]   DFF_X1          NangateOpenCellLibrary_PDKv1_2_v2008_10_slow_nldm
                                                            4.7880  n
u2/current_state_reg[1]   DFF_X1          NangateOpenCellLibrary_PDKv1_2_v2008_10_slow_nldm
                                                            4.7880  n
u2/current_state_reg[2]   DFF_X1          NangateOpenCellLibrary_PDKv1_2_v2008_10_slow_nldm
                                                            4.7880  n
--------------------------------------------------------------------------------
Total 415 cells                                           524.5520
1
