 
****************************************
Report : timing
        -path full
        -delay max
        -max_paths 1
Design : MyDesign
Version: P-2019.03-SP1
Date   : Wed Nov 17 16:03:19 2021
****************************************

Operating Conditions: slow   Library: NangateOpenCellLibrary_PDKv1_2_v2008_10_slow_nldm
Wire Load Model Mode: top

  Startpoint: wmem_dut_read_data[3]
              (input port clocked by clk)
  Endpoint: u1/write_data_reg[2]
            (rising edge-triggered flip-flop clocked by clk)
  Path Group: clk
  Path Type: max

  Point                                    Incr       Path
  -----------------------------------------------------------
  clock clk (rise edge)                  0.0000     0.0000
  clock network delay (ideal)            0.0000     0.0000
  input external delay                   0.6580     0.6580 f
  wmem_dut_read_data[3] (in)             0.0615     0.7195 f
  U169/Z (CLKBUF_X3)                     0.1914     0.9109 f
  U428/ZN (XNOR2_X1)                     0.3905     1.3013 r
  U430/ZN (OAI21_X1)                     0.1662     1.4676 f
  U287/ZN (NAND2_X1)                     0.2060     1.6735 r
  U126/ZN (XNOR2_X1)                     0.3671     2.0407 r
  U125/ZN (XNOR2_X1)                     0.3605     2.4012 r
  U145/ZN (OR2_X1)                       0.2158     2.6170 r
  U459/ZN (NAND2_X1)                     0.0762     2.6932 f
  U142/ZN (NAND2_X2)                     0.1078     2.8009 r
  U471/ZN (AOI21_X1)                     0.1006     2.9015 f
  U474/ZN (XNOR2_X1)                     0.2540     3.1555 f
  U475/ZN (OAI21_X1)                     0.2764     3.4319 r
  U476/ZN (NAND2_X1)                     0.1020     3.5339 f
  u1/write_data_reg[2]/D (DFF_X2)        0.0000     3.5339 f
  data arrival time                                 3.5339

  clock clk (rise edge)                  3.9000     3.9000
  clock network delay (ideal)            0.0000     3.9000
  clock uncertainty                     -0.0500     3.8500
  u1/write_data_reg[2]/CK (DFF_X2)       0.0000     3.8500 r
  library setup time                    -0.3152     3.5348
  data required time                                3.5348
  -----------------------------------------------------------
  data required time                                3.5348
  data arrival time                                -3.5339
  -----------------------------------------------------------
  slack (MET)                                       0.0009


1
