Information: Updating design information... (UID-85)
 
****************************************
Report : timing
        -path full
        -delay min
        -max_paths 1
Design : MyDesign
Version: P-2019.03-SP1
Date   : Wed Nov 17 16:03:18 2021
****************************************

Operating Conditions: fast   Library: NangateOpenCellLibrary_PDKv1_2_v2008_10_fast_nldm
Wire Load Model Mode: top

  Startpoint: u1/sig_out_reg[0]
              (rising edge-triggered flip-flop clocked by clk)
  Endpoint: u1/sig_out_reg[0]
            (rising edge-triggered flip-flop clocked by clk)
  Path Group: clk
  Path Type: min

  Point                                    Incr       Path
  -----------------------------------------------------------
  clock clk (rise edge)                  0.0000     0.0000
  clock network delay (ideal)            0.0000     0.0000
  u1/sig_out_reg[0]/CK (DFF_X1)          0.0000     0.0000 r
  u1/sig_out_reg[0]/Q (DFF_X1)           0.0535     0.0535 r
  U542/ZN (NOR2_X1)                      0.0177     0.0712 f
  u1/sig_out_reg[0]/D (DFF_X1)           0.0000     0.0712 f
  data arrival time                                 0.0712

  clock clk (rise edge)                  0.0000     0.0000
  clock network delay (ideal)            0.0000     0.0000
  clock uncertainty                      0.0500     0.0500
  u1/sig_out_reg[0]/CK (DFF_X1)          0.0000     0.0500 r
  library hold time                      0.0005     0.0505
  data required time                                0.0505
  -----------------------------------------------------------
  data required time                                0.0505
  data arrival time                                -0.0712
  -----------------------------------------------------------
  slack (MET)                                       0.0207


1
